<?xml version="1.0" encoding="UTF-8"?>
<testsuite xmlns:xsi="http://www.w3.org/2001/XMLSchema-instance" xsi:noNamespaceSchemaLocation="https://maven.apache.org/surefire/maven-surefire-plugin/xsd/surefire-test-report.xsd" name="TestSuite" time="7.234" tests="4" errors="0" skipped="0" failures="0">
  <properties>
[...]
</properties>
  <testcase name="createAPIUserSchemaTest" classname="com.qa.gorest.tests.APISchemaValidationsTest" time="2.221"/>
  <testcase name="createNewUserTest" classname="com.qa.gorest.tests.CreateUserTest" time="2.114"/>
  <testcase name="createNewUserTest" classname="com.qa.gorest.tests.CreateUserTest" time="1.21"/>
  <testcase name="createNewUserTest" classname="com.qa.gorest.tests.CreateUserTest" time="0.751"/>
</testsuite>