<?xml version="1.0" encoding="UTF-8"?>
<!-- Generated by org.testng.reporters.JUnitXMLReporter -->
<testsuite ignored="0" hostname="VENKATESWARA" failures="0" tests="3" name="Create User with Test Data from Data Provider Go Rest API Test" time="4.091" errors="0" timestamp="2023-08-26T15:33:49 EDT">
  <testcase classname="com.qa.gorest.tests.CreateUserTest" name="createNewUserTest" time="2.114"/>
  <testcase classname="com.qa.gorest.tests.CreateUserTest" name="createNewUserTest" time="1.21"/>
  <testcase classname="com.qa.gorest.tests.CreateUserTest" name="createNewUserTest" time="0.751"/>
</testsuite> <!-- Create User with Test Data from Data Provider Go Rest API Test -->
